<?xml version="1.0" encoding="UTF-8"?>
<testsuite xmlns:xsi="http://www.w3.org/2001/XMLSchema-instance" xsi:noNamespaceSchemaLocation="https://maven.apache.org/surefire/maven-surefire-plugin/xsd/surefire-test-report-3.0.xsd" version="3.0" name="TestSuite" time="203.926" tests="48" errors="0" skipped="3" failures="1">
  <properties>
    <property name="java.specification.version" value="15"/>
    <property name="sun.cpu.isalist" value="amd64"/>
    <property name="sun.jnu.encoding" value="Cp1252"/>
    <property name="java.class.path" value="E:\MYXfitness\regressionTest\target\test-classes;E:\MYXfitness\regressionTest\target\classes;C:\Users\Damian\.m2\repository\org\apache\maven\plugins\maven-clean-plugin\3.1.0\maven-clean-plugin-3.1.0.jar;C:\Users\Damian\.m2\repository\org\apache\maven\maven-plugin-api\3.0\maven-plugin-api-3.0.jar;C:\Users\Damian\.m2\repository\org\apache\maven\maven-model\3.0\maven-model-3.0.jar;C:\Users\Damian\.m2\repository\org\apache\maven\maven-artifact\3.0\maven-artifact-3.0.jar;C:\Users\Damian\.m2\repository\org\sonatype\sisu\sisu-inject-plexus\1.4.2\sisu-inject-plexus-1.4.2.jar;C:\Users\Damian\.m2\repository\org\sonatype\sisu\sisu-inject-bean\1.4.2\sisu-inject-bean-1.4.2.jar;C:\Users\Damian\.m2\repository\org\sonatype\sisu\sisu-guice\2.1.7\sisu-guice-2.1.7-noaop.jar;C:\Users\Damian\.m2\repository\org\apache\maven\shared\maven-shared-utils\3.2.1\maven-shared-utils-3.2.1.jar;C:\Users\Damian\.m2\repository\io\qameta\allure\allure-maven\2.10.0\allure-maven-2.10.0.jar;C:\Users\Damian\.m2\repository\org\apache\httpcomponents\httpclient\4.5.3\httpclient-4.5.3.jar;C:\Users\Damian\.m2\repository\org\apache\httpcomponents\httpcore\4.4.6\httpcore-4.4.6.jar;C:\Users\Damian\.m2\repository\commons-logging\commons-logging\1.2\commons-logging-1.2.jar;C:\Users\Damian\.m2\repository\commons-codec\commons-codec\1.9\commons-codec-1.9.jar;C:\Users\Damian\.m2\repository\com\fasterxml\jackson\core\jackson-databind\2.9.7\jackson-databind-2.9.7.jar;C:\Users\Damian\.m2\repository\com\fasterxml\jackson\core\jackson-annotations\2.9.0\jackson-annotations-2.9.0.jar;C:\Users\Damian\.m2\repository\com\fasterxml\jackson\core\jackson-core\2.9.7\jackson-core-2.9.7.jar;C:\Users\Damian\.m2\repository\org\apache\maven\maven-core\3.3.9\maven-core-3.3.9.jar;C:\Users\Damian\.m2\repository\org\apache\maven\maven-settings\3.3.9\maven-settings-3.3.9.jar;C:\Users\Damian\.m2\repository\org\apache\maven\maven-settings-builder\3.3.9\maven-settings-builder-3.3.9.jar;C:\Users\Damian\.m2\repository\org\apache\maven\maven-builder-support\3.3.9\maven-builder-support-3.3.9.jar;C:\Users\Damian\.m2\repository\org\apache\maven\maven-repository-metadata\3.3.9\maven-repository-metadata-3.3.9.jar;C:\Users\Damian\.m2\repository\org\apache\maven\maven-model-builder\3.3.9\maven-model-builder-3.3.9.jar;C:\Users\Damian\.m2\repository\org\apache\maven\maven-aether-provider\3.3.9\maven-aether-provider-3.3.9.jar;C:\Users\Damian\.m2\repository\org\eclipse\aether\aether-spi\1.0.2.v20150114\aether-spi-1.0.2.v20150114.jar;C:\Users\Damian\.m2\repository\org\eclipse\aether\aether-impl\1.0.2.v20150114\aether-impl-1.0.2.v20150114.jar;C:\Users\Damian\.m2\repository\org\eclipse\aether\aether-api\1.0.2.v20150114\aether-api-1.0.2.v20150114.jar;C:\Users\Damian\.m2\repository\org\eclipse\aether\aether-util\1.0.2.v20150114\aether-util-1.0.2.v20150114.jar;C:\Users\Damian\.m2\repository\org\eclipse\sisu\org.eclipse.sisu.plexus\0.3.2\org.eclipse.sisu.plexus-0.3.2.jar;C:\Users\Damian\.m2\repository\javax\enterprise\cdi-api\1.0\cdi-api-1.0.jar;C:\Users\Damian\.m2\repository\javax\annotation\jsr250-api\1.0\jsr250-api-1.0.jar;C:\Users\Damian\.m2\repository\org\eclipse\sisu\org.eclipse.sisu.inject\0.3.2\org.eclipse.sisu.inject-0.3.2.jar;C:\Users\Damian\.m2\repository\org\codehaus\plexus\plexus-interpolation\1.21\plexus-interpolation-1.21.jar;C:\Users\Damian\.m2\repository\org\codehaus\plexus\plexus-utils\3.0.22\plexus-utils-3.0.22.jar;C:\Users\Damian\.m2\repository\org\codehaus\plexus\plexus-classworlds\2.5.2\plexus-classworlds-2.5.2.jar;C:\Users\Damian\.m2\repository\org\codehaus\plexus\plexus-component-annotations\1.6\plexus-component-annotations-1.6.jar;C:\Users\Damian\.m2\repository\org\sonatype\plexus\plexus-sec-dispatcher\1.3\plexus-sec-dispatcher-1.3.jar;C:\Users\Damian\.m2\repository\org\sonatype\plexus\plexus-cipher\1.4\plexus-cipher-1.4.jar;C:\Users\Damian\.m2\repository\org\apache\maven\reporting\maven-reporting-impl\2.4\maven-reporting-impl-2.4.jar;C:\Users\Damian\.m2\repository\org\apache\maven\reporting\maven-reporting-api\3.0\maven-reporting-api-3.0.jar;C:\Users\Damian\.m2\repository\org\apache\maven\maven-project\2.2.1\maven-project-2.2.1.jar;C:\Users\Damian\.m2\repository\org\apache\maven\maven-profile\2.2.1\maven-profile-2.2.1.jar;C:\Users\Damian\.m2\repository\org\apache\maven\maven-artifact-manager\2.2.1\maven-artifact-manager-2.2.1.jar;C:\Users\Damian\.m2\repository\backport-util-concurrent\backport-util-concurrent\3.1\backport-util-concurrent-3.1.jar;C:\Users\Damian\.m2\repository\org\apache\maven\maven-plugin-registry\2.2.1\maven-plugin-registry-2.2.1.jar;C:\Users\Damian\.m2\repository\org\codehaus\plexus\plexus-container-default\1.0-alpha-9-stable-1\plexus-container-default-1.0-alpha-9-stable-1.jar;C:\Users\Damian\.m2\repository\classworlds\classworlds\1.1-alpha-2\classworlds-1.1-alpha-2.jar;C:\Users\Damian\.m2\repository\org\apache\maven\doxia\doxia-sink-api\1.6\doxia-sink-api-1.6.jar;C:\Users\Damian\.m2\repository\org\apache\maven\doxia\doxia-logging-api\1.6\doxia-logging-api-1.6.jar;C:\Users\Damian\.m2\repository\org\apache\maven\doxia\doxia-core\1.6\doxia-core-1.6.jar;C:\Users\Damian\.m2\repository\xerces\xercesImpl\2.9.1\xercesImpl-2.9.1.jar;C:\Users\Damian\.m2\repository\commons-lang\commons-lang\2.4\commons-lang-2.4.jar;C:\Users\Damian\.m2\repository\xmlunit\xmlunit\1.5\xmlunit-1.5.jar;C:\Users\Damian\.m2\repository\org\apache\maven\doxia\doxia-site-renderer\1.6\doxia-site-renderer-1.6.jar;C:\Users\Damian\.m2\repository\org\apache\maven\doxia\doxia-decoration-model\1.6\doxia-decoration-model-1.6.jar;C:\Users\Damian\.m2\repository\org\apache\maven\doxia\doxia-module-xhtml\1.6\doxia-module-xhtml-1.6.jar;C:\Users\Damian\.m2\repository\org\apache\maven\doxia\doxia-module-fml\1.6\doxia-module-fml-1.6.jar;C:\Users\Damian\.m2\repository\org\codehaus\plexus\plexus-i18n\1.0-beta-7\plexus-i18n-1.0-beta-7.jar;C:\Users\Damian\.m2\repository\org\codehaus\plexus\plexus-velocity\1.1.7\plexus-velocity-1.1.7.jar;C:\Users\Damian\.m2\repository\org\apache\velocity\velocity-tools\2.0\velocity-tools-2.0.jar;C:\Users\Damian\.m2\repository\commons-chain\commons-chain\1.1\commons-chain-1.1.jar;C:\Users\Damian\.m2\repository\dom4j\dom4j\1.1\dom4j-1.1.jar;C:\Users\Damian\.m2\repository\sslext\sslext\1.2-0\sslext-1.2-0.jar;C:\Users\Damian\.m2\repository\org\apache\struts\struts-core\1.3.8\struts-core-1.3.8.jar;C:\Users\Damian\.m2\repository\antlr\antlr\2.7.2\antlr-2.7.2.jar;C:\Users\Damian\.m2\repository\org\apache\struts\struts-taglib\1.3.8\struts-taglib-1.3.8.jar;C:\Users\Damian\.m2\repository\org\apache\struts\struts-tiles\1.3.8\struts-tiles-1.3.8.jar;C:\Users\Damian\.m2\repository\commons-beanutils\commons-beanutils\1.9.3\commons-beanutils-1.9.3.jar;C:\Users\Damian\.m2\repository\commons-collections\commons-collections\3.2.2\commons-collections-3.2.2.jar;C:\Users\Damian\.m2\repository\net\lingala\zip4j\zip4j\1.3.2\zip4j-1.3.2.jar;C:\Users\Damian\.m2\repository\org\apache\commons\commons-exec\1.3\commons-exec-1.3.jar;C:\Users\Damian\.m2\repository\org\apache\maven\plugin-tools\maven-plugin-annotations\3.2\maven-plugin-annotations-3.2.jar;C:\Users\Damian\.m2\repository\org\apache\maven\plugins\maven-jxr-plugin\2.5\maven-jxr-plugin-2.5.jar;C:\Users\Damian\.m2\repository\org\apache\velocity\velocity\1.5\velocity-1.5.jar;C:\Users\Damian\.m2\repository\oro\oro\2.0.8\oro-2.0.8.jar;C:\Users\Damian\.m2\repository\org\apache\maven\maven-jxr\2.5\maven-jxr-2.5.jar;C:\Users\Damian\.m2\repository\org\apache\maven\wagon\wagon-provider-api\1.0\wagon-provider-api-1.0.jar;C:\Users\Damian\.m2\repository\xml-apis\xml-apis\1.0.b2\xml-apis-1.0.b2.jar;C:\Users\Damian\.m2\repository\xalan\xalan\2.7.0\xalan-2.7.0.jar;C:\Users\Damian\.m2\repository\io\qameta\allure\allure-testng\2.13.8\allure-testng-2.13.8.jar;C:\Users\Damian\.m2\repository\io\qameta\allure\allure-java-commons\2.13.8\allure-java-commons-2.13.8.jar;C:\Users\Damian\.m2\repository\io\qameta\allure\allure-model\2.13.8\allure-model-2.13.8.jar;C:\Users\Damian\.m2\repository\org\apache\tika\tika-core\1.24.1\tika-core-1.24.1.jar;C:\Users\Damian\.m2\repository\org\jooq\joor-java-8\0.9.13\joor-java-8-0.9.13.jar;C:\Users\Damian\.m2\repository\org\seleniumhq\selenium\selenium-java\3.141.59\selenium-java-3.141.59.jar;C:\Users\Damian\.m2\repository\org\seleniumhq\selenium\selenium-api\3.141.59\selenium-api-3.141.59.jar;C:\Users\Damian\.m2\repository\org\seleniumhq\selenium\selenium-chrome-driver\3.141.59\selenium-chrome-driver-3.141.59.jar;C:\Users\Damian\.m2\repository\org\seleniumhq\selenium\selenium-edge-driver\3.141.59\selenium-edge-driver-3.141.59.jar;C:\Users\Damian\.m2\repository\org\seleniumhq\selenium\selenium-firefox-driver\3.141.59\selenium-firefox-driver-3.141.59.jar;C:\Users\Damian\.m2\repository\org\seleniumhq\selenium\selenium-ie-driver\3.141.59\selenium-ie-driver-3.141.59.jar;C:\Users\Damian\.m2\repository\org\seleniumhq\selenium\selenium-opera-driver\3.141.59\selenium-opera-driver-3.141.59.jar;C:\Users\Damian\.m2\repository\org\seleniumhq\selenium\selenium-remote-driver\3.141.59\selenium-remote-driver-3.141.59.jar;C:\Users\Damian\.m2\repository\org\seleniumhq\selenium\selenium-safari-driver\3.141.59\selenium-safari-driver-3.141.59.jar;C:\Users\Damian\.m2\repository\org\seleniumhq\selenium\selenium-support\3.141.59\selenium-support-3.141.59.jar;C:\Users\Damian\.m2\repository\net\bytebuddy\byte-buddy\1.8.15\byte-buddy-1.8.15.jar;C:\Users\Damian\.m2\repository\com\google\guava\guava\25.0-jre\guava-25.0-jre.jar;C:\Users\Damian\.m2\repository\com\google\code\findbugs\jsr305\1.3.9\jsr305-1.3.9.jar;C:\Users\Damian\.m2\repository\org\checkerframework\checker-compat-qual\2.0.0\checker-compat-qual-2.0.0.jar;C:\Users\Damian\.m2\repository\com\google\errorprone\error_prone_annotations\2.1.3\error_prone_annotations-2.1.3.jar;C:\Users\Damian\.m2\repository\com\google\j2objc\j2objc-annotations\1.1\j2objc-annotations-1.1.jar;C:\Users\Damian\.m2\repository\org\codehaus\mojo\animal-sniffer-annotations\1.14\animal-sniffer-annotations-1.14.jar;C:\Users\Damian\.m2\repository\com\squareup\okhttp3\okhttp\3.11.0\okhttp-3.11.0.jar;C:\Users\Damian\.m2\repository\com\squareup\okio\okio\1.14.0\okio-1.14.0.jar;C:\Users\Damian\.m2\repository\io\appium\java-client\7.4.1\java-client-7.4.1.jar;C:\Users\Damian\.m2\repository\com\google\code\gson\gson\2.8.6\gson-2.8.6.jar;C:\Users\Damian\.m2\repository\cglib\cglib\3.3.0\cglib-3.3.0.jar;C:\Users\Damian\.m2\repository\org\ow2\asm\asm\7.1\asm-7.1.jar;C:\Users\Damian\.m2\repository\commons-validator\commons-validator\1.7\commons-validator-1.7.jar;C:\Users\Damian\.m2\repository\commons-digester\commons-digester\2.1\commons-digester-2.1.jar;C:\Users\Damian\.m2\repository\org\apache\commons\commons-lang3\3.11\commons-lang3-3.11.jar;C:\Users\Damian\.m2\repository\commons-io\commons-io\2.8.0\commons-io-2.8.0.jar;C:\Users\Damian\.m2\repository\org\springframework\spring-context\5.3.1\spring-context-5.3.1.jar;C:\Users\Damian\.m2\repository\org\springframework\spring-aop\5.3.1\spring-aop-5.3.1.jar;C:\Users\Damian\.m2\repository\org\springframework\spring-beans\5.3.1\spring-beans-5.3.1.jar;C:\Users\Damian\.m2\repository\org\springframework\spring-core\5.3.1\spring-core-5.3.1.jar;C:\Users\Damian\.m2\repository\org\springframework\spring-jcl\5.3.1\spring-jcl-5.3.1.jar;C:\Users\Damian\.m2\repository\org\springframework\spring-expression\5.3.1\spring-expression-5.3.1.jar;C:\Users\Damian\.m2\repository\org\aspectj\aspectjweaver\1.9.6\aspectjweaver-1.9.6.jar;C:\Users\Damian\.m2\repository\org\testng\testng\7.3.0\testng-7.3.0.jar;C:\Users\Damian\.m2\repository\com\beust\jcommander\1.78\jcommander-1.78.jar;C:\Users\Damian\.m2\repository\org\apache\ant\ant\1.10.3\ant-1.10.3.jar;C:\Users\Damian\.m2\repository\org\apache\ant\ant-launcher\1.10.3\ant-launcher-1.10.3.jar;C:\Users\Damian\.m2\repository\junit\junit\4.12\junit-4.12.jar;C:\Users\Damian\.m2\repository\org\hamcrest\hamcrest-core\1.3\hamcrest-core-1.3.jar;C:\Users\Damian\.m2\repository\com\google\inject\guice\4.2.2\guice-4.2.2-no_aop.jar;C:\Users\Damian\.m2\repository\javax\inject\javax.inject\1\javax.inject-1.jar;C:\Users\Damian\.m2\repository\aopalliance\aopalliance\1.0\aopalliance-1.0.jar;C:\Users\Damian\.m2\repository\org\yaml\snakeyaml\1.21\snakeyaml-1.21.jar;C:\Users\Damian\.m2\repository\org\slf4j\slf4j-api\1.7.30\slf4j-api-1.7.30.jar;C:\Users\Damian\.m2\repository\org\slf4j\slf4j-simple\1.7.30\slf4j-simple-1.7.30.jar;"/>
    <property name="java.vm.vendor" value="Oracle Corporation"/>
    <property name="sun.arch.data.model" value="64"/>
    <property name="user.variant" value=""/>
    <property name="java.vendor.url" value="https://java.oracle.com/"/>
    <property name="user.timezone" value="America/Buenos_Aires"/>
    <property name="os.name" value="Windows 10"/>
    <property name="java.vm.specification.version" value="15"/>
    <property name="sun.java.launcher" value="SUN_STANDARD"/>
    <property name="user.country" value="US"/>
    <property name="sun.boot.library.path" value="C:\Program Files\Java\jdk-15.0.1\bin"/>
    <property name="sun.java.command" value="C:\Users\Damian\AppData\Local\Temp\surefire7977596643441931332\surefirebooter6012912526108365532.jar C:\Users\Damian\AppData\Local\Temp\surefire7977596643441931332 2021-03-04T00-53-00_762-jvmRun1 surefire2816685870427768909tmp surefire_08980717772888988600tmp"/>
    <property name="jdk.debug" value="release"/>
    <property name="surefire.test.class.path" value="E:\MYXfitness\regressionTest\target\test-classes;E:\MYXfitness\regressionTest\target\classes;C:\Users\Damian\.m2\repository\org\apache\maven\plugins\maven-clean-plugin\3.1.0\maven-clean-plugin-3.1.0.jar;C:\Users\Damian\.m2\repository\org\apache\maven\maven-plugin-api\3.0\maven-plugin-api-3.0.jar;C:\Users\Damian\.m2\repository\org\apache\maven\maven-model\3.0\maven-model-3.0.jar;C:\Users\Damian\.m2\repository\org\apache\maven\maven-artifact\3.0\maven-artifact-3.0.jar;C:\Users\Damian\.m2\repository\org\sonatype\sisu\sisu-inject-plexus\1.4.2\sisu-inject-plexus-1.4.2.jar;C:\Users\Damian\.m2\repository\org\sonatype\sisu\sisu-inject-bean\1.4.2\sisu-inject-bean-1.4.2.jar;C:\Users\Damian\.m2\repository\org\sonatype\sisu\sisu-guice\2.1.7\sisu-guice-2.1.7-noaop.jar;C:\Users\Damian\.m2\repository\org\apache\maven\shared\maven-shared-utils\3.2.1\maven-shared-utils-3.2.1.jar;C:\Users\Damian\.m2\repository\io\qameta\allure\allure-maven\2.10.0\allure-maven-2.10.0.jar;C:\Users\Damian\.m2\repository\org\apache\httpcomponents\httpclient\4.5.3\httpclient-4.5.3.jar;C:\Users\Damian\.m2\repository\org\apache\httpcomponents\httpcore\4.4.6\httpcore-4.4.6.jar;C:\Users\Damian\.m2\repository\commons-logging\commons-logging\1.2\commons-logging-1.2.jar;C:\Users\Damian\.m2\repository\commons-codec\commons-codec\1.9\commons-codec-1.9.jar;C:\Users\Damian\.m2\repository\com\fasterxml\jackson\core\jackson-databind\2.9.7\jackson-databind-2.9.7.jar;C:\Users\Damian\.m2\repository\com\fasterxml\jackson\core\jackson-annotations\2.9.0\jackson-annotations-2.9.0.jar;C:\Users\Damian\.m2\repository\com\fasterxml\jackson\core\jackson-core\2.9.7\jackson-core-2.9.7.jar;C:\Users\Damian\.m2\repository\org\apache\maven\maven-core\3.3.9\maven-core-3.3.9.jar;C:\Users\Damian\.m2\repository\org\apache\maven\maven-settings\3.3.9\maven-settings-3.3.9.jar;C:\Users\Damian\.m2\repository\org\apache\maven\maven-settings-builder\3.3.9\maven-settings-builder-3.3.9.jar;C:\Users\Damian\.m2\repository\org\apache\maven\maven-builder-support\3.3.9\maven-builder-support-3.3.9.jar;C:\Users\Damian\.m2\repository\org\apache\maven\maven-repository-metadata\3.3.9\maven-repository-metadata-3.3.9.jar;C:\Users\Damian\.m2\repository\org\apache\maven\maven-model-builder\3.3.9\maven-model-builder-3.3.9.jar;C:\Users\Damian\.m2\repository\org\apache\maven\maven-aether-provider\3.3.9\maven-aether-provider-3.3.9.jar;C:\Users\Damian\.m2\repository\org\eclipse\aether\aether-spi\1.0.2.v20150114\aether-spi-1.0.2.v20150114.jar;C:\Users\Damian\.m2\repository\org\eclipse\aether\aether-impl\1.0.2.v20150114\aether-impl-1.0.2.v20150114.jar;C:\Users\Damian\.m2\repository\org\eclipse\aether\aether-api\1.0.2.v20150114\aether-api-1.0.2.v20150114.jar;C:\Users\Damian\.m2\repository\org\eclipse\aether\aether-util\1.0.2.v20150114\aether-util-1.0.2.v20150114.jar;C:\Users\Damian\.m2\repository\org\eclipse\sisu\org.eclipse.sisu.plexus\0.3.2\org.eclipse.sisu.plexus-0.3.2.jar;C:\Users\Damian\.m2\repository\javax\enterprise\cdi-api\1.0\cdi-api-1.0.jar;C:\Users\Damian\.m2\repository\javax\annotation\jsr250-api\1.0\jsr250-api-1.0.jar;C:\Users\Damian\.m2\repository\org\eclipse\sisu\org.eclipse.sisu.inject\0.3.2\org.eclipse.sisu.inject-0.3.2.jar;C:\Users\Damian\.m2\repository\org\codehaus\plexus\plexus-interpolation\1.21\plexus-interpolation-1.21.jar;C:\Users\Damian\.m2\repository\org\codehaus\plexus\plexus-utils\3.0.22\plexus-utils-3.0.22.jar;C:\Users\Damian\.m2\repository\org\codehaus\plexus\plexus-classworlds\2.5.2\plexus-classworlds-2.5.2.jar;C:\Users\Damian\.m2\repository\org\codehaus\plexus\plexus-component-annotations\1.6\plexus-component-annotations-1.6.jar;C:\Users\Damian\.m2\repository\org\sonatype\plexus\plexus-sec-dispatcher\1.3\plexus-sec-dispatcher-1.3.jar;C:\Users\Damian\.m2\repository\org\sonatype\plexus\plexus-cipher\1.4\plexus-cipher-1.4.jar;C:\Users\Damian\.m2\repository\org\apache\maven\reporting\maven-reporting-impl\2.4\maven-reporting-impl-2.4.jar;C:\Users\Damian\.m2\repository\org\apache\maven\reporting\maven-reporting-api\3.0\maven-reporting-api-3.0.jar;C:\Users\Damian\.m2\repository\org\apache\maven\maven-project\2.2.1\maven-project-2.2.1.jar;C:\Users\Damian\.m2\repository\org\apache\maven\maven-profile\2.2.1\maven-profile-2.2.1.jar;C:\Users\Damian\.m2\repository\org\apache\maven\maven-artifact-manager\2.2.1\maven-artifact-manager-2.2.1.jar;C:\Users\Damian\.m2\repository\backport-util-concurrent\backport-util-concurrent\3.1\backport-util-concurrent-3.1.jar;C:\Users\Damian\.m2\repository\org\apache\maven\maven-plugin-registry\2.2.1\maven-plugin-registry-2.2.1.jar;C:\Users\Damian\.m2\repository\org\codehaus\plexus\plexus-container-default\1.0-alpha-9-stable-1\plexus-container-default-1.0-alpha-9-stable-1.jar;C:\Users\Damian\.m2\repository\classworlds\classworlds\1.1-alpha-2\classworlds-1.1-alpha-2.jar;C:\Users\Damian\.m2\repository\org\apache\maven\doxia\doxia-sink-api\1.6\doxia-sink-api-1.6.jar;C:\Users\Damian\.m2\repository\org\apache\maven\doxia\doxia-logging-api\1.6\doxia-logging-api-1.6.jar;C:\Users\Damian\.m2\repository\org\apache\maven\doxia\doxia-core\1.6\doxia-core-1.6.jar;C:\Users\Damian\.m2\repository\xerces\xercesImpl\2.9.1\xercesImpl-2.9.1.jar;C:\Users\Damian\.m2\repository\commons-lang\commons-lang\2.4\commons-lang-2.4.jar;C:\Users\Damian\.m2\repository\xmlunit\xmlunit\1.5\xmlunit-1.5.jar;C:\Users\Damian\.m2\repository\org\apache\maven\doxia\doxia-site-renderer\1.6\doxia-site-renderer-1.6.jar;C:\Users\Damian\.m2\repository\org\apache\maven\doxia\doxia-decoration-model\1.6\doxia-decoration-model-1.6.jar;C:\Users\Damian\.m2\repository\org\apache\maven\doxia\doxia-module-xhtml\1.6\doxia-module-xhtml-1.6.jar;C:\Users\Damian\.m2\repository\org\apache\maven\doxia\doxia-module-fml\1.6\doxia-module-fml-1.6.jar;C:\Users\Damian\.m2\repository\org\codehaus\plexus\plexus-i18n\1.0-beta-7\plexus-i18n-1.0-beta-7.jar;C:\Users\Damian\.m2\repository\org\codehaus\plexus\plexus-velocity\1.1.7\plexus-velocity-1.1.7.jar;C:\Users\Damian\.m2\repository\org\apache\velocity\velocity-tools\2.0\velocity-tools-2.0.jar;C:\Users\Damian\.m2\repository\commons-chain\commons-chain\1.1\commons-chain-1.1.jar;C:\Users\Damian\.m2\repository\dom4j\dom4j\1.1\dom4j-1.1.jar;C:\Users\Damian\.m2\repository\sslext\sslext\1.2-0\sslext-1.2-0.jar;C:\Users\Damian\.m2\repository\org\apache\struts\struts-core\1.3.8\struts-core-1.3.8.jar;C:\Users\Damian\.m2\repository\antlr\antlr\2.7.2\antlr-2.7.2.jar;C:\Users\Damian\.m2\repository\org\apache\struts\struts-taglib\1.3.8\struts-taglib-1.3.8.jar;C:\Users\Damian\.m2\repository\org\apache\struts\struts-tiles\1.3.8\struts-tiles-1.3.8.jar;C:\Users\Damian\.m2\repository\commons-beanutils\commons-beanutils\1.9.3\commons-beanutils-1.9.3.jar;C:\Users\Damian\.m2\repository\commons-collections\commons-collections\3.2.2\commons-collections-3.2.2.jar;C:\Users\Damian\.m2\repository\net\lingala\zip4j\zip4j\1.3.2\zip4j-1.3.2.jar;C:\Users\Damian\.m2\repository\org\apache\commons\commons-exec\1.3\commons-exec-1.3.jar;C:\Users\Damian\.m2\repository\org\apache\maven\plugin-tools\maven-plugin-annotations\3.2\maven-plugin-annotations-3.2.jar;C:\Users\Damian\.m2\repository\org\apache\maven\plugins\maven-jxr-plugin\2.5\maven-jxr-plugin-2.5.jar;C:\Users\Damian\.m2\repository\org\apache\velocity\velocity\1.5\velocity-1.5.jar;C:\Users\Damian\.m2\repository\oro\oro\2.0.8\oro-2.0.8.jar;C:\Users\Damian\.m2\repository\org\apache\maven\maven-jxr\2.5\maven-jxr-2.5.jar;C:\Users\Damian\.m2\repository\org\apache\maven\wagon\wagon-provider-api\1.0\wagon-provider-api-1.0.jar;C:\Users\Damian\.m2\repository\xml-apis\xml-apis\1.0.b2\xml-apis-1.0.b2.jar;C:\Users\Damian\.m2\repository\xalan\xalan\2.7.0\xalan-2.7.0.jar;C:\Users\Damian\.m2\repository\io\qameta\allure\allure-testng\2.13.8\allure-testng-2.13.8.jar;C:\Users\Damian\.m2\repository\io\qameta\allure\allure-java-commons\2.13.8\allure-java-commons-2.13.8.jar;C:\Users\Damian\.m2\repository\io\qameta\allure\allure-model\2.13.8\allure-model-2.13.8.jar;C:\Users\Damian\.m2\repository\org\apache\tika\tika-core\1.24.1\tika-core-1.24.1.jar;C:\Users\Damian\.m2\repository\org\jooq\joor-java-8\0.9.13\joor-java-8-0.9.13.jar;C:\Users\Damian\.m2\repository\org\seleniumhq\selenium\selenium-java\3.141.59\selenium-java-3.141.59.jar;C:\Users\Damian\.m2\repository\org\seleniumhq\selenium\selenium-api\3.141.59\selenium-api-3.141.59.jar;C:\Users\Damian\.m2\repository\org\seleniumhq\selenium\selenium-chrome-driver\3.141.59\selenium-chrome-driver-3.141.59.jar;C:\Users\Damian\.m2\repository\org\seleniumhq\selenium\selenium-edge-driver\3.141.59\selenium-edge-driver-3.141.59.jar;C:\Users\Damian\.m2\repository\org\seleniumhq\selenium\selenium-firefox-driver\3.141.59\selenium-firefox-driver-3.141.59.jar;C:\Users\Damian\.m2\repository\org\seleniumhq\selenium\selenium-ie-driver\3.141.59\selenium-ie-driver-3.141.59.jar;C:\Users\Damian\.m2\repository\org\seleniumhq\selenium\selenium-opera-driver\3.141.59\selenium-opera-driver-3.141.59.jar;C:\Users\Damian\.m2\repository\org\seleniumhq\selenium\selenium-remote-driver\3.141.59\selenium-remote-driver-3.141.59.jar;C:\Users\Damian\.m2\repository\org\seleniumhq\selenium\selenium-safari-driver\3.141.59\selenium-safari-driver-3.141.59.jar;C:\Users\Damian\.m2\repository\org\seleniumhq\selenium\selenium-support\3.141.59\selenium-support-3.141.59.jar;C:\Users\Damian\.m2\repository\net\bytebuddy\byte-buddy\1.8.15\byte-buddy-1.8.15.jar;C:\Users\Damian\.m2\repository\com\google\guava\guava\25.0-jre\guava-25.0-jre.jar;C:\Users\Damian\.m2\repository\com\google\code\findbugs\jsr305\1.3.9\jsr305-1.3.9.jar;C:\Users\Damian\.m2\repository\org\checkerframework\checker-compat-qual\2.0.0\checker-compat-qual-2.0.0.jar;C:\Users\Damian\.m2\repository\com\google\errorprone\error_prone_annotations\2.1.3\error_prone_annotations-2.1.3.jar;C:\Users\Damian\.m2\repository\com\google\j2objc\j2objc-annotations\1.1\j2objc-annotations-1.1.jar;C:\Users\Damian\.m2\repository\org\codehaus\mojo\animal-sniffer-annotations\1.14\animal-sniffer-annotations-1.14.jar;C:\Users\Damian\.m2\repository\com\squareup\okhttp3\okhttp\3.11.0\okhttp-3.11.0.jar;C:\Users\Damian\.m2\repository\com\squareup\okio\okio\1.14.0\okio-1.14.0.jar;C:\Users\Damian\.m2\repository\io\appium\java-client\7.4.1\java-client-7.4.1.jar;C:\Users\Damian\.m2\repository\com\google\code\gson\gson\2.8.6\gson-2.8.6.jar;C:\Users\Damian\.m2\repository\cglib\cglib\3.3.0\cglib-3.3.0.jar;C:\Users\Damian\.m2\repository\org\ow2\asm\asm\7.1\asm-7.1.jar;C:\Users\Damian\.m2\repository\commons-validator\commons-validator\1.7\commons-validator-1.7.jar;C:\Users\Damian\.m2\repository\commons-digester\commons-digester\2.1\commons-digester-2.1.jar;C:\Users\Damian\.m2\repository\org\apache\commons\commons-lang3\3.11\commons-lang3-3.11.jar;C:\Users\Damian\.m2\repository\commons-io\commons-io\2.8.0\commons-io-2.8.0.jar;C:\Users\Damian\.m2\repository\org\springframework\spring-context\5.3.1\spring-context-5.3.1.jar;C:\Users\Damian\.m2\repository\org\springframework\spring-aop\5.3.1\spring-aop-5.3.1.jar;C:\Users\Damian\.m2\repository\org\springframework\spring-beans\5.3.1\spring-beans-5.3.1.jar;C:\Users\Damian\.m2\repository\org\springframework\spring-core\5.3.1\spring-core-5.3.1.jar;C:\Users\Damian\.m2\repository\org\springframework\spring-jcl\5.3.1\spring-jcl-5.3.1.jar;C:\Users\Damian\.m2\repository\org\springframework\spring-expression\5.3.1\spring-expression-5.3.1.jar;C:\Users\Damian\.m2\repository\org\aspectj\aspectjweaver\1.9.6\aspectjweaver-1.9.6.jar;C:\Users\Damian\.m2\repository\org\testng\testng\7.3.0\testng-7.3.0.jar;C:\Users\Damian\.m2\repository\com\beust\jcommander\1.78\jcommander-1.78.jar;C:\Users\Damian\.m2\repository\org\apache\ant\ant\1.10.3\ant-1.10.3.jar;C:\Users\Damian\.m2\repository\org\apache\ant\ant-launcher\1.10.3\ant-launcher-1.10.3.jar;C:\Users\Damian\.m2\repository\junit\junit\4.12\junit-4.12.jar;C:\Users\Damian\.m2\repository\org\hamcrest\hamcrest-core\1.3\hamcrest-core-1.3.jar;C:\Users\Damian\.m2\repository\com\google\inject\guice\4.2.2\guice-4.2.2-no_aop.jar;C:\Users\Damian\.m2\repository\javax\inject\javax.inject\1\javax.inject-1.jar;C:\Users\Damian\.m2\repository\aopalliance\aopalliance\1.0\aopalliance-1.0.jar;C:\Users\Damian\.m2\repository\org\yaml\snakeyaml\1.21\snakeyaml-1.21.jar;C:\Users\Damian\.m2\repository\org\slf4j\slf4j-api\1.7.30\slf4j-api-1.7.30.jar;C:\Users\Damian\.m2\repository\org\slf4j\slf4j-simple\1.7.30\slf4j-simple-1.7.30.jar;"/>
    <property name="sun.cpu.endian" value="little"/>
    <property name="user.home" value="C:\Users\Damian"/>
    <property name="user.language" value="en"/>
    <property name="java.specification.vendor" value="Oracle Corporation"/>
    <property name="java.version.date" value="2020-10-20"/>
    <property name="java.home" value="C:\Program Files\Java\jdk-15.0.1"/>
    <property name="file.separator" value="\"/>
    <property name="basedir" value="E:\MYXfitness\regressionTest"/>
    <property name="java.vm.compressedOopsMode" value="Zero based"/>
    <property name="line.separator" value="&#10;"/>
    <property name="java.vm.specification.vendor" value="Oracle Corporation"/>
    <property name="java.specification.name" value="Java Platform API Specification"/>
    <property name="surefire.real.class.path" value="C:\Users\Damian\AppData\Local\Temp\surefire7977596643441931332\surefirebooter6012912526108365532.jar"/>
    <property name="user.script" value=""/>
    <property name="sun.management.compiler" value="HotSpot 64-Bit Tiered Compilers"/>
    <property name="java.runtime.version" value="15.0.1+9-18"/>
    <property name="user.name" value="Damian"/>
    <property name="path.separator" value=";"/>
    <property name="os.version" value="10.0"/>
    <property name="java.runtime.name" value="Java(TM) SE Runtime Environment"/>
    <property name="file.encoding" value="Cp1252"/>
    <property name="java.vm.name" value="Java HotSpot(TM) 64-Bit Server VM"/>
    <property name="localRepository" value="C:\Users\Damian\.m2\repository"/>
    <property name="java.vendor.url.bug" value="https://bugreport.java.com/bugreport/"/>
    <property name="java.io.tmpdir" value="C:\Users\Damian\AppData\Local\Temp\"/>
    <property name="java.version" value="15.0.1"/>
    <property name="user.dir" value="E:\MYXfitness\regressionTest"/>
    <property name="os.arch" value="amd64"/>
    <property name="java.vm.specification.name" value="Java Virtual Machine Specification"/>
    <property name="sun.os.patch.level" value=""/>
    <property name="java.library.path" value="C:\Program Files\Java\jdk-15.0.1\bin;C:\WINDOWS\Sun\Java\bin;C:\WINDOWS\system32;C:\WINDOWS;C:/Program Files/Java/jdk-15.0.1/bin/server;C:/Program Files/Java/jdk-15.0.1/bin;C:\Python39\Scripts\;C:\Python39\;C:\Program Files\Common Files\Oracle\Java\javapath;C:\WINDOWS\system32;C:\WINDOWS;C:\WINDOWS\System32\Wbem;C:\WINDOWS\System32\WindowsPowerShell\v1.0\;C:\WINDOWS\System32\OpenSSH\;C:\Users\Damian\AppData\Local\Android\Sdk\tools\bin;C:\Users\Damian\AppData\Local\Android\Sdk\tools;c:\apache-maven-3.6.3\bin;C:\Users\Damian\AppData\Local\Android\Sdk\platform-tools;C:\Users\Damian\AppData\Local\Android\Sdk\build-tools\30.0.3;C:\Program Files\Java\jdk-15.0.1\bin;C:\Program Files\Java\jdk-15.0.1\lib;C:\ProgramData\chocolatey\bin;C:\scrcpy-win64-v1.17;C:\Users\Damian\scoop\shims;C:\Program Files\Git\cmd;C:\Users\Damian\scoop\shims;C:\Users\Damian\AppData\Local\Microsoft\WindowsApps;C:\Users\Damian\Desktop;;."/>
    <property name="java.vm.info" value="mixed mode, sharing"/>
    <property name="java.vendor" value="Oracle Corporation"/>
    <property name="java.vm.version" value="15.0.1+9-18"/>
    <property name="sun.io.unicode.encoding" value="UnicodeLittle"/>
    <property name="java.class.version" value="59.0"/>
  </properties>
  <testcase name="welcomeisDisplayed" classname="testCases.S001LogInCases" time="0">
    <skipped message="The following asserts failed:&#10;	expected [WELCOME TO MYXfitness!dsedsf] but found [WELCOME TO MYXfitness!]"/>
    <system-out><![CDATA[...
... TestNG 7.3.0 by CÃ©dric Beust (cedric@beust.com)
...

Connection successfuly started!
I am in onStart method MYXfitness Resgression Test Classes
El mensaje es: WELCOME TO MYXfitness!
welcomeisDisplayed Number of retry is 1
]]></system-out>
    <system-err><![CDATA[Mar 04, 2021 12:53:11 AM io.appium.java_client.remote.AppiumCommandExecutor$1 lambda$0
INFO: Detected dialect: W3C
]]></system-err>
  </testcase>
  <testcase name="welcomeisDisplayed" classname="testCases.S001LogInCases" time="0">
    <skipped message="The following asserts failed:&#10;	expected [WELCOME TO MYXfitness!dsedsf] but found [WELCOME TO MYXfitness!]"/>
    <system-out><![CDATA[El mensaje es: WELCOME TO MYXfitness!
welcomeisDisplayed Number of retry is 2
]]></system-out>
  </testcase>
  <testcase name="welcomeisDisplayed" classname="testCases.S001LogInCases" time="0">
    <skipped message="The following asserts failed:&#10;	expected [WELCOME TO MYXfitness!dsedsf] but found [WELCOME TO MYXfitness!]"/>
    <system-out><![CDATA[El mensaje es: WELCOME TO MYXfitness!
welcomeisDisplayed Number of retry is 3
]]></system-out>
  </testcase>
  <testcase name="welcomeisDisplayed" classname="testCases.S001LogInCases" time="0.802">
    <failure message="The following asserts failed:&#10;	expected [WELCOME TO MYXfitness!dsedsf] but found [WELCOME TO MYXfitness!]" type="java.lang.AssertionError"><![CDATA[java.lang.AssertionError: 
The following asserts failed:
	expected [WELCOME TO MYXfitness!dsedsf] but found [WELCOME TO MYXfitness!]
	at testCases.S001LogInCases.welcomeisDisplayed(S001LogInCases.java:50)
]]></failure>
    <system-out><![CDATA[El mensaje es: WELCOME TO MYXfitness!
Screenshot captured for test case
]]></system-out>
  </testcase>
  <testcase name="theRoadisDisplayed" classname="testCases.S001LogInCases" time="0.176">
    <system-out><![CDATA[El mensaje es: The road to success is paved
with patience and
persistence.
]]></system-out>
  </testcase>
  <testcase name="invalidEmail" classname="testCases.S001LogInCases" time="5.987">
    <system-out><![CDATA[This is the invalidEmail test. Email: test.qa.2021-03-04-00-53-03@gmail.com
]]></system-out>
  </testcase>
  <testcase name="invalidPassword" classname="testCases.S001LogInCases" time="4.345">
    <system-out><![CDATA[This is the invalidPassword test. Email: test.qa.U_VN1REALU@gmail.com
]]></system-out>
  </testcase>
  <testcase name="noEmailAndPassword" classname="testCases.S001LogInCases" time="3.158">
    <system-out><![CDATA[El mensaje es: Please introduce your email and password
This is the invalidPassword test. Email: test.qa.P_YC15EEE6@gmail.com
]]></system-out>
  </testcase>
  <testcase name="passwordRecoveryEmpty" classname="testCases.S001LogInCases" time="3.654">
    <system-out><![CDATA[This is a reset password test without email.
]]></system-out>
  </testcase>
  <testcase name="passwordRecoveryWrongEmail" classname="testCases.S001LogInCases" time="5.931">
    <system-out><![CDATA[This is a reset password test with a wrong email.
]]></system-out>
  </testcase>
  <testcase name="passwordRecoveryzValid" classname="testCases.S001LogInCases" time="5.521">
    <system-out><![CDATA[This is valid reset password test with a valid email.
]]></system-out>
  </testcase>
  <testcase name="iDontHaveAccount" classname="testCases.S001LogInCases" time="2.638">
    <system-out><![CDATA[I don't have an account selected
]]></system-out>
  </testcase>
  <testcase name="validEmailAndPassword" classname="testCases.S001LogInCases" time="6.313">
    <system-out><![CDATA[El mensaje es: Who's working out today?
This is the valid email and password test.
]]></system-out>
  </testcase>
  <testcase name="profileTitleisDisplayed" classname="testCases.S002WhosWorkingCases" time="0.082">
    <system-out><![CDATA[El mensaje es: PROFILE
]]></system-out>
  </testcase>
  <testcase name="whosWorkingOutTitleisDisplayed" classname="testCases.S002WhosWorkingCases" time="0.073">
    <system-out><![CDATA[El mensaje es: Who's working out today?
]]></system-out>
  </testcase>
  <testcase name="mainProfileisDisplayed" classname="testCases.S002WhosWorkingCases" time="1.36">
    <system-out><![CDATA['MAIN Profile' is visible.
]]></system-out>
  </testcase>
  <testcase name="addUserisDisplayed" classname="testCases.S002WhosWorkingCases" time="0.038">
    <system-out><![CDATA['ADD USER' is visible.
]]></system-out>
  </testcase>
  <testcase name="clickAddUser" classname="testCases.S002WhosWorkingCases" time="1.973">
    <system-out><![CDATA['ADD USER' title is visible.
]]></system-out>
  </testcase>
  <testcase name="validateOptionsAvailable" classname="testCases.S002WhosWorkingCases" time="2.341"/>
  <testcase name="profileHeaderIsVisible" classname="testCases.S003HomeScreenActiveAccountCases" time="5.764">
    <system-out><![CDATA[Profile Header: Visible
]]></system-out>
  </testcase>
  <testcase name="accountNameIsVisible" classname="testCases.S003HomeScreenActiveAccountCases" time="0.1">
    <system-out><![CDATA[Account Name: Visible
]]></system-out>
  </testcase>
  <testcase name="bikeFilterIsVisible" classname="testCases.S003HomeScreenActiveAccountCases" time="0.12">
    <system-out><![CDATA[Bike Filter is visible.
]]></system-out>
  </testcase>
  <testcase name="floorFilterIsVisible" classname="testCases.S003HomeScreenActiveAccountCases" time="0.121">
    <system-out><![CDATA[Floor Filter is visible.
]]></system-out>
  </testcase>
  <testcase name="recoveryFilterIsVisible" classname="testCases.S003HomeScreenActiveAccountCases" time="0.112">
    <system-out><![CDATA[Recovery Filter is visible.
]]></system-out>
  </testcase>
  <testcase name="crossTrainingFilterIsVisible" classname="testCases.S003HomeScreenActiveAccountCases" time="0.103">
    <system-out><![CDATA[Cross-Training Filter is visible.
]]></system-out>
  </testcase>
  <testcase name="myxMediaIsVisible" classname="testCases.S003HomeScreenActiveAccountCases" time="0.105">
    <system-out><![CDATA[MYX media is visible.
]]></system-out>
  </testcase>
  <testcase name="smartMYXIsVisible" classname="testCases.S003HomeScreenActiveAccountCases" time="0.102">
    <system-out><![CDATA[Smart MYX is visible.
]]></system-out>
  </testcase>
  <testcase name="calendarIsVisible" classname="testCases.S003HomeScreenActiveAccountCases" time="0.102">
    <system-out><![CDATA[Calendar icon is visible.
]]></system-out>
  </testcase>
  <testcase name="myxLogoIsVisible" classname="testCases.S003HomeScreenActiveAccountCases" time="0.113">
    <system-out><![CDATA[MYX Logo  is visible.
]]></system-out>
  </testcase>
  <testcase name="openMenu" classname="testCases.S003HomeScreenActiveAccountCases" time="0.794">
    <system-out><![CDATA[1- Open Menu Check all options are displayed.
]]></system-out>
  </testcase>
  <testcase name="openManageProfiles" classname="testCases.S004ManageProfilesCases" time="8.193">
    <system-out><![CDATA[1- 'Manage Profiles' all options are displayed.
]]></system-out>
  </testcase>
  <testcase name="editManageProfiles" classname="testCases.S004ManageProfilesCases" time="48.543">
    <system-out><![CDATA[2- 'Manage Profiles' profile edited succesfully
]]></system-out>
  </testcase>
  <testcase name="editManageProfilesBack" classname="testCases.S004ManageProfilesCases" time="42.747">
    <system-out><![CDATA[3- 'Manage Profiles' profile edited back succesfully
]]></system-out>
  </testcase>
  <testcase name="changeMainProfilePicture" classname="testCases.S004ManageProfilesCases" time="13.374">
    <system-out><![CDATA[1- 'Manage Profiles' all options are displayed.
]]></system-out>
  </testcase>
  <testcase name="openMenuClickAddUser" classname="testCases.S005AddProfileMainScreenCases" time="4.599">
    <system-out><![CDATA[4- Open 'add user' screen successfuly
]]></system-out>
  </testcase>
  <testcase name="createProfileIsDisplayed" classname="testCases.S005AddProfileMainScreenCases" time="0.723">
    <system-out><![CDATA['Create Profile' title is visible.
]]></system-out>
  </testcase>
  <testcase name="pictureIconIsDisplayed" classname="testCases.S005AddProfileMainScreenCases" time="0.515">
    <system-out><![CDATA['Photo Icon' is visible.
]]></system-out>
  </testcase>
  <testcase name="emailFieldIsVisible" classname="testCases.S005AddProfileMainScreenCases" time="0.528">
    <system-out><![CDATA['Email' field is Visible
]]></system-out>
  </testcase>
  <testcase name="firstNameFieldIsVisible" classname="testCases.S005AddProfileMainScreenCases" time="0.628">
    <system-out><![CDATA['First Name' field is Visible
]]></system-out>
  </testcase>
  <testcase name="lastNameFieldIsVisible" classname="testCases.S005AddProfileMainScreenCases" time="0.547">
    <system-out><![CDATA['Last Name' field is Visible
]]></system-out>
  </testcase>
  <testcase name="termsAndConditionsTitleIsVisible" classname="testCases.S005AddProfileMainScreenCases" time="0.514">
    <system-out><![CDATA[El mensaje es: TERMS & CONDITIONS
]]></system-out>
  </testcase>
  <testcase name="termsAndConditionsContentIsVisible" classname="testCases.S005AddProfileMainScreenCases" time="2.682">
    <system-out><![CDATA[El mensaje es: Terms of Service Content title is correct
]]></system-out>
  </testcase>
  <testcase name="declineTC" classname="testCases.S005AddProfileMainScreenCases" time="8.132">
    <system-out><![CDATA[Accept T&C message is displayed
]]></system-out>
  </testcase>
  <testcase name="termsAndConditionsContentTestIsVisible" classname="testCases.S005AddProfileMainScreenCases" time="0.565">
    <system-out><![CDATA[El mensaje es:  Content text is correct
]]></system-out>
  </testcase>
  <testcase name="enterName" classname="testCases.S005AddProfileMainScreenCases" time="1.146">
    <system-out><![CDATA[Name entered correctly
]]></system-out>
  </testcase>
  <testcase name="enterLastName" classname="testCases.S005AddProfileMainScreenCases" time="1.105">
    <system-out><![CDATA[Last Name entered correctly
]]></system-out>
  </testcase>
  <testcase name="enterInvalidEmail" classname="testCases.S005AddProfileMainScreenCases" time="6.563">
    <system-out><![CDATA[Entered invalid email
]]></system-out>
  </testcase>
  <testcase name="blaDisplayed" classname="testCases.S005AddProfileMainScreenCases" time="0.751">
    <system-out><![CDATA['Photo Icon' is visible.
]]></system-out>
  </testcase>
</testsuite>