<?xml version="1.0" encoding="UTF-8"?>
<!-- Generated by org.testng.reporters.JUnitReportReporter -->
<testsuite hostname="DESKTOP-EER3MNQ" failures="0" tests="1" name="testCases.WhosWorkingCases" time="11.585" errors="0" timestamp="2021-02-24T13:06:13 ART" skipped="0">
  <testcase classname="testCases.WhosWorkingCases" name="validateOptionsAvailable" time="11.585"/>
  <system-out/>
</testsuite> <!-- testCases.WhosWorkingCases -->
