<?xml version="1.0" encoding="UTF-8"?>
<!-- Generated by org.testng.reporters.JUnitReportReporter -->
<testsuite hostname="DESKTOP-EER3MNQ" failures="0" tests="14" name="testCases.HomeScreenActiveAccountCases" time="14.944" errors="0" timestamp="2021-02-24T23:22:50 ART" skipped="0">
  <testcase classname="testCases.HomeScreenActiveAccountCases" name="profileHeaderIsVisible" time="0.300"/>
  <system-out/>
  <testcase classname="testCases.HomeScreenActiveAccountCases" name="accountNameIsVisible" time="0.125"/>
  <system-out/>
  <testcase classname="testCases.HomeScreenActiveAccountCases" name="bikeFilterIsVisible" time="0.093"/>
  <system-out/>
  <testcase classname="testCases.HomeScreenActiveAccountCases" name="floorFilterIsVisible" time="0.100"/>
  <system-out/>
  <testcase classname="testCases.HomeScreenActiveAccountCases" name="recoveryFilterIsVisible" time="0.099"/>
  <system-out/>
  <testcase classname="testCases.HomeScreenActiveAccountCases" name="crossTrainingFilterIsVisible" time="0.081"/>
  <system-out/>
  <testcase classname="testCases.HomeScreenActiveAccountCases" name="myxMediaIsVisible" time="0.099"/>
  <system-out/>
  <testcase classname="testCases.HomeScreenActiveAccountCases" name="smartMYXIsVisible" time="0.082"/>
  <system-out/>
  <testcase classname="testCases.HomeScreenActiveAccountCases" name="myxLogoIsVisible" time="0.082"/>
  <system-out/>
  <testcase classname="testCases.HomeScreenActiveAccountCases" name="calendarIsVisible" time="0.083"/>
  <system-out/>
  <testcase classname="testCases.HomeScreenActiveAccountCases" name="openMenu" time="0.857"/>
  <system-out/>
  <testcase classname="testCases.HomeScreenActiveAccountCases" name="openMenuCheckProfiles" time="1.684"/>
  <system-out/>
  <testcase classname="testCases.HomeScreenActiveAccountCases" name="openMenuSwitchProfiles" time="9.502"/>
  <system-out/>
  <testcase classname="testCases.HomeScreenActiveAccountCases" name="openMenuCheckAddUser" time="1.757"/>
  <system-out/>
</testsuite> <!-- testCases.HomeScreenActiveAccountCases -->
