<?xml version="1.0" encoding="UTF-8"?>
<!-- Generated by org.testng.reporters.JUnitReportReporter -->
<testsuite hostname="DESKTOP-EER3MNQ" failures="0" tests="1" name="testCases.HomeScreenMenuTests" time="0.000" errors="0" timestamp="2021-02-12T17:04:33 ART" skipped="1">
  <testcase classname="testCases.HomeScreenMenuTests" name="AccessHomeScreen" time="0.000">
    <skipped/>
  </testcase> <!-- AccessHomeScreen -->
  <system-out/>
</testsuite> <!-- testCases.HomeScreenMenuTests -->
