<?xml version="1.0" encoding="UTF-8"?>
<!-- Generated by org.testng.reporters.JUnitReportReporter -->
<testsuite hostname="DESKTOP-EER3MNQ" failures="0" tests="1" name="testCases.WhosWorkingCases" time="13.794" errors="0" timestamp="2021-02-18T14:06:12 ART" skipped="0">
  <testcase classname="testCases.WhosWorkingCases" name="validateOptionsAvailable" time="13.794"/>
  <system-out/>
</testsuite> <!-- testCases.WhosWorkingCases -->
