<?xml version="1.0" encoding="UTF-8"?>
<!-- Generated by org.testng.reporters.JUnitReportReporter -->
<testsuite hostname="DESKTOP-EER3MNQ" failures="0" tests="7" name="testCases.LogInCases" time="49.864" errors="0" timestamp="2021-02-17T10:45:59 ART" skipped="0">
  <testcase classname="testCases.LogInCases" name="invalidEmail" time="6.972"/>
  <system-out/>
  <testcase classname="testCases.LogInCases" name="passwordRecoveryEmpty" time="3.890"/>
  <system-out/>
  <testcase classname="testCases.LogInCases" name="validEmailAndPassword" time="17.716"/>
  <system-out/>
  <testcase classname="testCases.LogInCases" name="passwordRecoveryWrongEmail" time="7.648"/>
  <system-out/>
  <testcase classname="testCases.LogInCases" name="noEmailAndPassword" time="3.525"/>
  <system-out/>
  <testcase classname="testCases.LogInCases" name="invalidPassword" time="4.978"/>
  <system-out/>
  <testcase classname="testCases.LogInCases" name="passwordRecoveryzValid" time="5.135"/>
  <system-out/>
</testsuite> <!-- testCases.LogInCases -->
