<?xml version="1.0" encoding="UTF-8"?>
<!-- Generated by org.testng.reporters.JUnitReportReporter -->
<testsuite hostname="DESKTOP-EER3MNQ" failures="0" tests="1" name="testCases.AddProfileMainScreenCases" time="3.461" errors="0" timestamp="2021-02-25T13:04:18 ART" skipped="0">
  <testcase classname="testCases.AddProfileMainScreenCases" name="openMenuCheckAddUser" time="3.461"/>
  <system-out/>
</testsuite> <!-- testCases.AddProfileMainScreenCases -->
