<?xml version="1.0" encoding="UTF-8"?>
<!-- Generated by org.testng.reporters.JUnitReportReporter -->
<testsuite hostname="DESKTOP-EER3MNQ" failures="0" tests="4" name="testCases.HomeScreenCases" time="18.549" errors="0" timestamp="2021-02-18T14:06:12 ART" skipped="0">
  <testcase classname="testCases.HomeScreenCases" name="openMenu" time="4.593"/>
  <system-out/>
  <testcase classname="testCases.HomeScreenCases" name="openMenuCheckProfiles" time="1.606"/>
  <system-out/>
  <testcase classname="testCases.HomeScreenCases" name="openMenuSwitchProfiles" time="8.872"/>
  <system-out/>
  <testcase classname="testCases.HomeScreenCases" name="openMenuCheckAddUser" time="3.478"/>
  <system-out/>
</testsuite> <!-- testCases.HomeScreenCases -->
