<?xml version="1.0" encoding="UTF-8"?>
<!-- Generated by org.testng.reporters.JUnitReportReporter -->
<testsuite hostname="DESKTOP-EER3MNQ" failures="0" tests="3" name="testCases.ManageProfilesCases" time="107.643" errors="0" timestamp="2021-02-25T17:35:12 ART" skipped="0">
  <testcase classname="testCases.ManageProfilesCases" name="openManageProfiles" time="9.050"/>
  <system-out/>
  <testcase classname="testCases.ManageProfilesCases" name="editManageProfiles" time="55.192"/>
  <system-out/>
  <testcase classname="testCases.ManageProfilesCases" name="editManageProfilesBack" time="43.401"/>
  <system-out/>
</testsuite> <!-- testCases.ManageProfilesCases -->
