<?xml version="1.0" encoding="UTF-8"?>
<!-- Generated by org.testng.reporters.JUnitReportReporter -->
<testsuite hostname="DESKTOP-EER3MNQ" failures="0" tests="6" name="testCases.WhosWorkingCases" time="4.656" errors="0" timestamp="2021-02-25T14:28:40 ART" skipped="0">
  <testcase classname="testCases.WhosWorkingCases" name="profileTitleisDisplayed" time="0.267"/>
  <system-out/>
  <testcase classname="testCases.WhosWorkingCases" name="whosWorkingOutTitleisDisplayed" time="0.130"/>
  <system-out/>
  <testcase classname="testCases.WhosWorkingCases" name="mainProfileisDisplayed" time="0.197"/>
  <system-out/>
  <testcase classname="testCases.WhosWorkingCases" name="addUserisDisplayed" time="0.056"/>
  <system-out/>
  <testcase classname="testCases.WhosWorkingCases" name="clickAddUser" time="2.089"/>
  <system-out/>
  <testcase classname="testCases.WhosWorkingCases" name="validateOptionsAvailable" time="1.917"/>
  <system-out/>
</testsuite> <!-- testCases.WhosWorkingCases -->
