<?xml version="1.0" encoding="UTF-8"?>
<!-- Generated by org.testng.reporters.JUnitReportReporter -->
<testsuite hostname="DESKTOP-EER3MNQ" failures="0" tests="3" name="testCases.ManageProfilesCases" time="101.191" errors="0" timestamp="2021-02-24T21:36:32 ART" skipped="0">
  <testcase classname="testCases.ManageProfilesCases" name="openManageProfiles" time="9.192"/>
  <system-out/>
  <testcase classname="testCases.ManageProfilesCases" name="editManageProfiles" time="48.112"/>
  <system-out/>
  <testcase classname="testCases.ManageProfilesCases" name="editManageProfilesBack" time="43.887"/>
  <system-out/>
</testsuite> <!-- testCases.ManageProfilesCases -->
