<?xml version="1.0" encoding="UTF-8"?>
<!-- Generated by org.testng.reporters.JUnitReportReporter -->
<testsuite hostname="DESKTOP-EER3MNQ" failures="0" tests="11" name="testCases.HomeScreenActiveAccountCases" time="2.458" errors="0" timestamp="2021-02-25T17:18:51 ART" skipped="0">
  <testcase classname="testCases.HomeScreenActiveAccountCases" name="profileHeaderIsVisible" time="0.385"/>
  <system-out/>
  <testcase classname="testCases.HomeScreenActiveAccountCases" name="accountNameIsVisible" time="0.141"/>
  <system-out/>
  <testcase classname="testCases.HomeScreenActiveAccountCases" name="bikeFilterIsVisible" time="0.130"/>
  <system-out/>
  <testcase classname="testCases.HomeScreenActiveAccountCases" name="floorFilterIsVisible" time="0.136"/>
  <system-out/>
  <testcase classname="testCases.HomeScreenActiveAccountCases" name="recoveryFilterIsVisible" time="0.117"/>
  <system-out/>
  <testcase classname="testCases.HomeScreenActiveAccountCases" name="crossTrainingFilterIsVisible" time="0.110"/>
  <system-out/>
  <testcase classname="testCases.HomeScreenActiveAccountCases" name="myxMediaIsVisible" time="0.085"/>
  <system-out/>
  <testcase classname="testCases.HomeScreenActiveAccountCases" name="smartMYXIsVisible" time="0.120"/>
  <system-out/>
  <testcase classname="testCases.HomeScreenActiveAccountCases" name="myxLogoIsVisible" time="0.080"/>
  <system-out/>
  <testcase classname="testCases.HomeScreenActiveAccountCases" name="calendarIsVisible" time="0.131"/>
  <system-out/>
  <testcase classname="testCases.HomeScreenActiveAccountCases" name="openMenu" time="1.023"/>
  <system-out/>
</testsuite> <!-- testCases.HomeScreenActiveAccountCases -->
