<?xml version="1.0" encoding="UTF-8"?>
<!-- Generated by org.testng.reporters.JUnitReportReporter -->
<testsuite hostname="DESKTOP-EER3MNQ" failures="0" tests="11" name="testCases.S003HomeScreenActiveAccountCases" time="9.911" errors="0" timestamp="2021-03-01T15:57:45 ART" skipped="0">
  <testcase classname="testCases.S003HomeScreenActiveAccountCases" name="profileHeaderIsVisible" time="7.805"/>
  <system-out/>
  <testcase classname="testCases.S003HomeScreenActiveAccountCases" name="accountNameIsVisible" time="0.171"/>
  <system-out/>
  <testcase classname="testCases.S003HomeScreenActiveAccountCases" name="bikeFilterIsVisible" time="0.240"/>
  <system-out/>
  <testcase classname="testCases.S003HomeScreenActiveAccountCases" name="floorFilterIsVisible" time="0.161"/>
  <system-out/>
  <testcase classname="testCases.S003HomeScreenActiveAccountCases" name="recoveryFilterIsVisible" time="0.155"/>
  <system-out/>
  <testcase classname="testCases.S003HomeScreenActiveAccountCases" name="crossTrainingFilterIsVisible" time="0.132"/>
  <system-out/>
  <testcase classname="testCases.S003HomeScreenActiveAccountCases" name="myxMediaIsVisible" time="0.101"/>
  <system-out/>
  <testcase classname="testCases.S003HomeScreenActiveAccountCases" name="smartMYXIsVisible" time="0.125"/>
  <system-out/>
  <testcase classname="testCases.S003HomeScreenActiveAccountCases" name="myxLogoIsVisible" time="0.103"/>
  <system-out/>
  <testcase classname="testCases.S003HomeScreenActiveAccountCases" name="calendarIsVisible" time="0.094"/>
  <system-out/>
  <testcase classname="testCases.S003HomeScreenActiveAccountCases" name="openMenu" time="0.824"/>
  <system-out/>
</testsuite> <!-- testCases.S003HomeScreenActiveAccountCases -->
