<?xml version="1.0" encoding="UTF-8"?>
<!-- Generated by org.testng.reporters.JUnitReportReporter -->
<testsuite hostname="DESKTOP-EER3MNQ" failures="0" tests="7" name="testCases.HomeScreenCases" time="16.780" errors="0" timestamp="2021-02-24T13:12:11 ART" skipped="0">
  <testcase classname="testCases.HomeScreenCases" name="profileHeaderIsVisible" time="0.280"/>
  <system-out/>
  <testcase classname="testCases.HomeScreenCases" name="accountNameIsVisible" time="0.173"/>
  <system-out/>
  <testcase classname="testCases.HomeScreenCases" name="bikeFilterIsVisible" time="0.156"/>
  <system-out/>
  <testcase classname="testCases.HomeScreenCases" name="openMenu" time="0.930"/>
  <system-out/>
  <testcase classname="testCases.HomeScreenCases" name="openMenuCheckProfiles" time="1.457"/>
  <system-out/>
  <testcase classname="testCases.HomeScreenCases" name="openMenuSwitchProfiles" time="9.353"/>
  <system-out/>
  <testcase classname="testCases.HomeScreenCases" name="openMenuCheckAddUser" time="4.431"/>
  <system-out/>
</testsuite> <!-- testCases.HomeScreenCases -->
