<?xml version="1.0" encoding="UTF-8"?>
<!-- Generated by org.testng.reporters.JUnitReportReporter -->
<testsuite hostname="DESKTOP-EER3MNQ" failures="0" tests="1" name="testCases.LogInCases" time="5.918" errors="0" timestamp="2021-02-24T16:58:41 ART" skipped="0">
  <testcase classname="testCases.LogInCases" name="validEmailAndPassword" time="5.918"/>
  <system-out/>
</testsuite> <!-- testCases.LogInCases -->
