<?xml version="1.0" encoding="UTF-8"?>
<!-- Generated by org.testng.reporters.JUnitReportReporter -->
<testsuite hostname="DESKTOP-EER3MNQ" failures="0" tests="6" name="testCases.S002WhosWorkingCases" time="3.852" errors="0" timestamp="2021-03-01T15:57:45 ART" skipped="0">
  <testcase classname="testCases.S002WhosWorkingCases" name="profileTitleisDisplayed" time="0.065"/>
  <system-out/>
  <testcase classname="testCases.S002WhosWorkingCases" name="whosWorkingOutTitleisDisplayed" time="0.063"/>
  <system-out/>
  <testcase classname="testCases.S002WhosWorkingCases" name="mainProfileisDisplayed" time="0.163"/>
  <system-out/>
  <testcase classname="testCases.S002WhosWorkingCases" name="addUserisDisplayed" time="0.039"/>
  <system-out/>
  <testcase classname="testCases.S002WhosWorkingCases" name="clickAddUser" time="1.513"/>
  <system-out/>
  <testcase classname="testCases.S002WhosWorkingCases" name="validateOptionsAvailable" time="2.009"/>
  <system-out/>
</testsuite> <!-- testCases.S002WhosWorkingCases -->
