<?xml version="1.0" encoding="UTF-8"?>
<!-- Generated by org.testng.reporters.JUnitReportReporter -->
<testsuite hostname="DESKTOP-EER3MNQ" failures="0" tests="3" name="testCases.ManageProfilesCases" time="107.020" errors="0" timestamp="2021-02-19T13:40:34 ART" skipped="0">
  <testcase classname="testCases.ManageProfilesCases" name="openManageProfiles" time="10.893"/>
  <system-out/>
  <testcase classname="testCases.ManageProfilesCases" name="editManageProfiles" time="50.246"/>
  <system-out/>
  <testcase classname="testCases.ManageProfilesCases" name="editManageProfilesBack" time="45.881"/>
  <system-out/>
</testsuite> <!-- testCases.ManageProfilesCases -->
