<?xml version="1.0" encoding="UTF-8"?>
<!-- Generated by org.testng.reporters.JUnitReportReporter -->
<testsuite hostname="DESKTOP-EER3MNQ" failures="0" tests="1" name="testCases.SetupConnection" time="0.062" errors="0" timestamp="2021-02-13T08:08:28 ART" skipped="0">
  <testcase classname="testCases.SetupConnection" name="TearDown" time="0.062"/>
  <system-out/>
</testsuite> <!-- testCases.SetupConnection -->
