<?xml version="1.0" encoding="UTF-8"?>
<!-- Generated by org.testng.reporters.JUnitReportReporter -->
<testsuite hostname="DESKTOP-EER3MNQ" failures="0" tests="10" name="testCases.LogInCases" time="51.587" errors="0" timestamp="2021-02-24T21:53:37 ART" skipped="0">
  <testcase classname="testCases.LogInCases" name="welcomeisDisplayed" time="12.448"/>
  <system-out/>
  <testcase classname="testCases.LogInCases" name="theRoadisDisplayed" time="0.140"/>
  <system-out/>
  <testcase classname="testCases.LogInCases" name="invalidEmail" time="7.289"/>
  <system-out/>
  <testcase classname="testCases.LogInCases" name="invalidPassword" time="4.671"/>
  <system-out/>
  <testcase classname="testCases.LogInCases" name="noEmailAndPassword" time="2.897"/>
  <system-out/>
  <testcase classname="testCases.LogInCases" name="passwordRecoveryEmpty" time="3.468"/>
  <system-out/>
  <testcase classname="testCases.LogInCases" name="passwordRecoveryWrongEmail" time="7.182"/>
  <system-out/>
  <testcase classname="testCases.LogInCases" name="passwordRecoveryzValid" time="5.189"/>
  <system-out/>
  <testcase classname="testCases.LogInCases" name="iDontHaveAccount" time="2.665"/>
  <system-out/>
  <testcase classname="testCases.LogInCases" name="validEmailAndPassword" time="5.638"/>
  <system-out/>
</testsuite> <!-- testCases.LogInCases -->
