<?xml version="1.0" encoding="UTF-8"?>
<!-- Generated by org.testng.reporters.JUnitReportReporter -->
<testsuite hostname="DESKTOP-EER3MNQ" failures="0" tests="6" name="testCases.S002WhosWorkingCases" time="5.863" errors="0" timestamp="2021-03-04T00:56:25 ART" skipped="0">
  <testcase classname="testCases.S002WhosWorkingCases" name="profileTitleisDisplayed" time="0.080"/>
  <system-out/>
  <testcase classname="testCases.S002WhosWorkingCases" name="whosWorkingOutTitleisDisplayed" time="0.073"/>
  <system-out/>
  <testcase classname="testCases.S002WhosWorkingCases" name="mainProfileisDisplayed" time="1.360"/>
  <system-out/>
  <testcase classname="testCases.S002WhosWorkingCases" name="addUserisDisplayed" time="0.037"/>
  <system-out/>
  <testcase classname="testCases.S002WhosWorkingCases" name="clickAddUser" time="1.972"/>
  <system-out/>
  <testcase classname="testCases.S002WhosWorkingCases" name="validateOptionsAvailable" time="2.341"/>
  <system-out/>
</testsuite> <!-- testCases.S002WhosWorkingCases -->
