<?xml version="1.0" encoding="UTF-8"?>
<!-- Generated by org.testng.reporters.JUnitReportReporter -->
<testsuite hostname="DESKTOP-EER3MNQ" failures="0" tests="1" name="testCases.WhosWorkingCases" time="2.853" errors="0" timestamp="2021-02-24T21:53:37 ART" skipped="0">
  <testcase classname="testCases.WhosWorkingCases" name="validateOptionsAvailable" time="2.853"/>
  <system-out/>
</testsuite> <!-- testCases.WhosWorkingCases -->
