<?xml version="1.0" encoding="UTF-8"?>
<!-- Generated by org.testng.reporters.JUnitReportReporter -->
<testsuite hostname="DESKTOP-EER3MNQ" failures="0" tests="14" name="testCases.S005AddProfileMainScreenCases" time="28.988" errors="0" timestamp="2021-03-04T00:56:25 ART" skipped="0">
  <testcase classname="testCases.S005AddProfileMainScreenCases" name="openMenuClickAddUser" time="4.603"/>
  <system-out/>
  <testcase classname="testCases.S005AddProfileMainScreenCases" name="createProfileIsDisplayed" time="0.722"/>
  <system-out/>
  <testcase classname="testCases.S005AddProfileMainScreenCases" name="pictureIconIsDisplayed" time="0.514"/>
  <system-out/>
  <testcase classname="testCases.S005AddProfileMainScreenCases" name="emailFieldIsVisible" time="0.527"/>
  <system-out/>
  <testcase classname="testCases.S005AddProfileMainScreenCases" name="termsAndConditionsTitleIsVisible" time="0.513"/>
  <system-out/>
  <testcase classname="testCases.S005AddProfileMainScreenCases" name="firstNameFieldIsVisible" time="0.627"/>
  <system-out/>
  <testcase classname="testCases.S005AddProfileMainScreenCases" name="lastNameFieldIsVisible" time="0.546"/>
  <system-out/>
  <testcase classname="testCases.S005AddProfileMainScreenCases" name="termsAndConditionsContentIsVisible" time="2.681"/>
  <system-out/>
  <testcase classname="testCases.S005AddProfileMainScreenCases" name="declineTC" time="8.131"/>
  <system-out/>
  <testcase classname="testCases.S005AddProfileMainScreenCases" name="termsAndConditionsContentTestIsVisible" time="0.561"/>
  <system-out/>
  <testcase classname="testCases.S005AddProfileMainScreenCases" name="enterName" time="1.145"/>
  <system-out/>
  <testcase classname="testCases.S005AddProfileMainScreenCases" name="enterLastName" time="1.105"/>
  <system-out/>
  <testcase classname="testCases.S005AddProfileMainScreenCases" name="enterInvalidEmail" time="6.562"/>
  <system-out/>
  <testcase classname="testCases.S005AddProfileMainScreenCases" name="blaDisplayed" time="0.751"/>
  <system-out/>
</testsuite> <!-- testCases.S005AddProfileMainScreenCases -->
