<?xml version="1.0" encoding="UTF-8"?>
<!-- Generated by org.testng.reporters.JUnitReportReporter -->
<testsuite hostname="DESKTOP-EER3MNQ" failures="0" tests="7" name="testCases.LogInCases" time="49.391" errors="0" timestamp="2021-02-17T14:52:46 ART" skipped="0">
  <testcase classname="testCases.LogInCases" name="passwordRecoveryzValid" time="5.153"/>
  <system-out/>
  <testcase classname="testCases.LogInCases" name="passwordRecoveryEmpty" time="3.537"/>
  <system-out/>
  <testcase classname="testCases.LogInCases" name="invalidPassword" time="4.666"/>
  <system-out/>
  <testcase classname="testCases.LogInCases" name="validEmailAndPassword" time="16.293"/>
  <system-out/>
  <testcase classname="testCases.LogInCases" name="invalidEmail" time="9.679"/>
  <system-out/>
  <testcase classname="testCases.LogInCases" name="passwordRecoveryWrongEmail" time="7.015"/>
  <system-out/>
  <testcase classname="testCases.LogInCases" name="noEmailAndPassword" time="3.048"/>
  <system-out/>
</testsuite> <!-- testCases.LogInCases -->
