<?xml version="1.0" encoding="UTF-8"?>
<!-- Generated by org.testng.reporters.JUnitReportReporter -->
<testsuite hostname="DESKTOP-EER3MNQ" failures="0" tests="3" name="testCases.ManageProfilesCases" time="101.869" errors="0" timestamp="2021-02-24T21:53:37 ART" skipped="0">
  <testcase classname="testCases.ManageProfilesCases" name="openManageProfiles" time="11.081"/>
  <system-out/>
  <testcase classname="testCases.ManageProfilesCases" name="editManageProfiles" time="46.344"/>
  <system-out/>
  <testcase classname="testCases.ManageProfilesCases" name="editManageProfilesBack" time="44.444"/>
  <system-out/>
</testsuite> <!-- testCases.ManageProfilesCases -->
