<?xml version="1.0" encoding="UTF-8"?>
<!-- Generated by org.testng.reporters.JUnitReportReporter -->
<testsuite hostname="DESKTOP-EER3MNQ" failures="0" tests="1" name="testCases.WhosWorkingCases" time="11.289" errors="0" timestamp="2021-02-22T11:47:04 ART" skipped="0">
  <testcase classname="testCases.WhosWorkingCases" name="validateOptionsAvailable" time="11.289"/>
  <system-out/>
</testsuite> <!-- testCases.WhosWorkingCases -->
