<?xml version="1.0" encoding="UTF-8"?>
<!-- Generated by org.testng.reporters.JUnitReportReporter -->
<testsuite hostname="DESKTOP-EER3MNQ" failures="0" tests="11" name="testCases.S003HomeScreenActiveAccountCases" time="7.527" errors="0" timestamp="2021-03-04T00:56:25 ART" skipped="0">
  <testcase classname="testCases.S003HomeScreenActiveAccountCases" name="profileHeaderIsVisible" time="5.763"/>
  <system-out/>
  <testcase classname="testCases.S003HomeScreenActiveAccountCases" name="accountNameIsVisible" time="0.099"/>
  <system-out/>
  <testcase classname="testCases.S003HomeScreenActiveAccountCases" name="bikeFilterIsVisible" time="0.119"/>
  <system-out/>
  <testcase classname="testCases.S003HomeScreenActiveAccountCases" name="floorFilterIsVisible" time="0.119"/>
  <system-out/>
  <testcase classname="testCases.S003HomeScreenActiveAccountCases" name="recoveryFilterIsVisible" time="0.112"/>
  <system-out/>
  <testcase classname="testCases.S003HomeScreenActiveAccountCases" name="crossTrainingFilterIsVisible" time="0.102"/>
  <system-out/>
  <testcase classname="testCases.S003HomeScreenActiveAccountCases" name="myxMediaIsVisible" time="0.105"/>
  <system-out/>
  <testcase classname="testCases.S003HomeScreenActiveAccountCases" name="smartMYXIsVisible" time="0.101"/>
  <system-out/>
  <testcase classname="testCases.S003HomeScreenActiveAccountCases" name="myxLogoIsVisible" time="0.113"/>
  <system-out/>
  <testcase classname="testCases.S003HomeScreenActiveAccountCases" name="calendarIsVisible" time="0.102"/>
  <system-out/>
  <testcase classname="testCases.S003HomeScreenActiveAccountCases" name="openMenu" time="0.792"/>
  <system-out/>
</testsuite> <!-- testCases.S003HomeScreenActiveAccountCases -->
