<?xml version="1.0" encoding="UTF-8"?>
<!-- Generated by org.testng.reporters.JUnitReportReporter -->
<testsuite hostname="DESKTOP-EER3MNQ" failures="0" tests="7" name="testCases.HomeScreenActiveAccountCases" time="22.293" errors="0" timestamp="2021-02-24T21:53:37 ART" skipped="0">
  <testcase classname="testCases.HomeScreenActiveAccountCases" name="profileHeaderIsVisible" time="9.200"/>
  <system-out/>
  <testcase classname="testCases.HomeScreenActiveAccountCases" name="accountNameIsVisible" time="0.115"/>
  <system-out/>
  <testcase classname="testCases.HomeScreenActiveAccountCases" name="bikeFilterIsVisible" time="0.102"/>
  <system-out/>
  <testcase classname="testCases.HomeScreenActiveAccountCases" name="openMenu" time="0.867"/>
  <system-out/>
  <testcase classname="testCases.HomeScreenActiveAccountCases" name="openMenuCheckProfiles" time="1.983"/>
  <system-out/>
  <testcase classname="testCases.HomeScreenActiveAccountCases" name="openMenuSwitchProfiles" time="8.830"/>
  <system-out/>
  <testcase classname="testCases.HomeScreenActiveAccountCases" name="openMenuCheckAddUser" time="1.196"/>
  <system-out/>
</testsuite> <!-- testCases.HomeScreenActiveAccountCases -->
