<?xml version="1.0" encoding="UTF-8"?>
<!-- Generated by org.testng.reporters.JUnitReportReporter -->
<testsuite hostname="DESKTOP-EER3MNQ" failures="0" tests="4" name="testCases.S004ManageProfilesCases" time="112.845" errors="0" timestamp="2021-03-04T00:56:25 ART" skipped="0">
  <testcase classname="testCases.S004ManageProfilesCases" name="openManageProfiles" time="8.191"/>
  <system-out/>
  <testcase classname="testCases.S004ManageProfilesCases" name="editManageProfiles" time="48.542"/>
  <system-out/>
  <testcase classname="testCases.S004ManageProfilesCases" name="editManageProfilesBack" time="42.740"/>
  <system-out/>
  <testcase classname="testCases.S004ManageProfilesCases" name="changeMainProfilePicture" time="13.372"/>
  <system-out/>
</testsuite> <!-- testCases.S004ManageProfilesCases -->
