<?xml version="1.0" encoding="UTF-8"?>
<!-- Generated by org.testng.reporters.JUnitReportReporter -->
<testsuite hostname="DESKTOP-EER3MNQ" failures="0" tests="3" name="testCases.ManageProfilesCases" time="103.668" errors="0" timestamp="2021-02-22T11:47:04 ART" skipped="0">
  <testcase classname="testCases.ManageProfilesCases" name="openManageProfiles" time="11.274"/>
  <system-out/>
  <testcase classname="testCases.ManageProfilesCases" name="editManageProfiles" time="46.330"/>
  <system-out/>
  <testcase classname="testCases.ManageProfilesCases" name="editManageProfilesBack" time="46.064"/>
  <system-out/>
</testsuite> <!-- testCases.ManageProfilesCases -->
